12-08 15:29:26 com_github_MitjaNemec_PlaceFootprints.action_place_footprints 674:Plugin executed on: 'win32'
12-08 15:29:26 com_github_MitjaNemec_PlaceFootprints.action_place_footprints 675:Plugin executed with python version: '3.11.5 (main, Jun 15 2025, 06:45:45) [MSC v.1942 64 bit (AMD64)]'
12-08 15:29:26 com_github_MitjaNemec_PlaceFootprints.action_place_footprints 676:KiCad build version: 9.0.4
12-08 15:29:26 com_github_MitjaNemec_PlaceFootprints.action_place_footprints 677:Plugin version: 4.0.1
12-08 15:29:26 com_github_MitjaNemec_PlaceFootprints.action_place_footprints 678:Frame repr: <wx._core.Frame object at 0x0000026F289283A0>
12-08 15:29:26 com_github_MitjaNemec_PlaceFootprints.place_footprints 121:getting a list of all footprints on board
12-08 15:29:26 com_github_MitjaNemec_PlaceFootprints.place_footprints 156:Footprint J6 on root level
12-08 15:29:26 com_github_MitjaNemec_PlaceFootprints.place_footprints 156:Footprint J1 on root level
12-08 15:29:26 com_github_MitjaNemec_PlaceFootprints.place_footprints 156:Footprint J10 on root level
12-08 15:29:26 com_github_MitjaNemec_PlaceFootprints.place_footprints 156:Footprint L2 on root level
12-08 15:29:26 com_github_MitjaNemec_PlaceFootprints.place_footprints 156:Footprint L1 on root level
12-08 15:29:26 com_github_MitjaNemec_PlaceFootprints.place_footprints 156:Footprint C10 on root level
12-08 15:29:26 com_github_MitjaNemec_PlaceFootprints.place_footprints 156:Footprint F12 on root level
12-08 15:29:26 com_github_MitjaNemec_PlaceFootprints.place_footprints 156:Footprint F9 on root level
12-08 15:29:26 com_github_MitjaNemec_PlaceFootprints.place_footprints 156:Footprint F2 on root level
12-08 15:29:26 com_github_MitjaNemec_PlaceFootprints.place_footprints 156:Footprint U1 on root level
12-08 15:29:26 com_github_MitjaNemec_PlaceFootprints.place_footprints 156:Footprint F3 on root level
12-08 15:29:26 com_github_MitjaNemec_PlaceFootprints.place_footprints 156:Footprint F10 on root level
12-08 15:29:26 com_github_MitjaNemec_PlaceFootprints.place_footprints 156:Footprint C8 on root level
12-08 15:29:26 com_github_MitjaNemec_PlaceFootprints.place_footprints 156:Footprint REF** on root level
12-08 15:29:26 com_github_MitjaNemec_PlaceFootprints.place_footprints 156:Footprint F7 on root level
12-08 15:29:26 com_github_MitjaNemec_PlaceFootprints.place_footprints 156:Footprint F1 on root level
12-08 15:29:26 com_github_MitjaNemec_PlaceFootprints.place_footprints 156:Footprint J4 on root level
12-08 15:29:26 com_github_MitjaNemec_PlaceFootprints.place_footprints 156:Footprint C2 on root level
12-08 15:29:26 com_github_MitjaNemec_PlaceFootprints.place_footprints 156:Footprint C4 on root level
12-08 15:29:26 com_github_MitjaNemec_PlaceFootprints.place_footprints 156:Footprint C5 on root level
12-08 15:29:26 com_github_MitjaNemec_PlaceFootprints.place_footprints 156:Footprint C7 on root level
12-08 15:29:26 com_github_MitjaNemec_PlaceFootprints.place_footprints 156:Footprint F8 on root level
12-08 15:29:26 com_github_MitjaNemec_PlaceFootprints.place_footprints 156:Footprint F5 on root level
12-08 15:29:26 com_github_MitjaNemec_PlaceFootprints.place_footprints 156:Footprint REF** on root level
12-08 15:29:26 com_github_MitjaNemec_PlaceFootprints.place_footprints 156:Footprint J2 on root level
12-08 15:29:26 com_github_MitjaNemec_PlaceFootprints.place_footprints 156:Footprint F14 on root level
12-08 15:29:26 com_github_MitjaNemec_PlaceFootprints.place_footprints 156:Footprint F6 on root level
12-08 15:29:26 com_github_MitjaNemec_PlaceFootprints.place_footprints 156:Footprint J5 on root level
12-08 15:29:26 com_github_MitjaNemec_PlaceFootprints.place_footprints 156:Footprint C1 on root level
12-08 15:29:26 com_github_MitjaNemec_PlaceFootprints.place_footprints 156:Footprint C12 on root level
12-08 15:29:26 com_github_MitjaNemec_PlaceFootprints.place_footprints 156:Footprint R4 on root level
12-08 15:29:26 com_github_MitjaNemec_PlaceFootprints.place_footprints 156:Footprint J11 on root level
12-08 15:29:26 com_github_MitjaNemec_PlaceFootprints.place_footprints 156:Footprint D1 on root level
12-08 15:29:26 com_github_MitjaNemec_PlaceFootprints.place_footprints 156:Footprint F4 on root level
12-08 15:29:26 com_github_MitjaNemec_PlaceFootprints.place_footprints 156:Footprint C6 on root level
12-08 15:29:26 com_github_MitjaNemec_PlaceFootprints.place_footprints 156:Footprint R2 on root level
12-08 15:29:26 com_github_MitjaNemec_PlaceFootprints.place_footprints 156:Footprint D2 on root level
12-08 15:29:26 com_github_MitjaNemec_PlaceFootprints.place_footprints 156:Footprint D3 on root level
12-08 15:29:26 com_github_MitjaNemec_PlaceFootprints.place_footprints 156:Footprint REF** on root level
12-08 15:29:26 com_github_MitjaNemec_PlaceFootprints.place_footprints 156:Footprint F11 on root level
12-08 15:29:26 com_github_MitjaNemec_PlaceFootprints.place_footprints 156:Footprint REF** on root level
12-08 15:29:26 com_github_MitjaNemec_PlaceFootprints.place_footprints 156:Footprint U2 on root level
12-08 15:29:26 com_github_MitjaNemec_PlaceFootprints.place_footprints 156:Footprint R3 on root level
12-08 15:29:26 com_github_MitjaNemec_PlaceFootprints.place_footprints 156:Footprint J3 on root level
12-08 15:29:26 com_github_MitjaNemec_PlaceFootprints.place_footprints 156:Footprint C11 on root level
12-08 15:29:26 com_github_MitjaNemec_PlaceFootprints.place_footprints 156:Footprint C3 on root level
12-08 15:29:26 com_github_MitjaNemec_PlaceFootprints.place_footprints 156:Footprint F13 on root level
12-08 15:29:26 com_github_MitjaNemec_PlaceFootprints.place_footprints 156:Footprint C9 on root level
12-08 15:29:26 com_github_MitjaNemec_PlaceFootprints.place_footprints 156:Footprint J7 on root level
12-08 15:29:26 com_github_MitjaNemec_PlaceFootprints.place_footprints 156:Footprint R1 on root level
12-08 15:29:26 com_github_MitjaNemec_PlaceFootprints.action_place_footprints 717:Reference footprint='F1'
12-08 15:29:28 com_github_MitjaNemec_PlaceFootprints.action_place_footprints 858:Reference designator is: F
12-08 15:29:28 com_github_MitjaNemec_PlaceFootprints.action_place_footprints 859:Reference number is: 1
12-08 15:29:28 com_github_MitjaNemec_PlaceFootprints.action_place_footprints 891:Sorted and filtered list:
['F1', 'F2', 'F3', 'F4', 'F5', 'F6', 'F7', 'F8', 'F9', 'F10', 'F11', 'F12', 'F13', 'F14']
12-08 15:29:28 com_github_MitjaNemec_PlaceFootprints.action_place_footprints 376:wx.Colour(240, 240, 240, 255)
12-08 15:29:36 com_github_MitjaNemec_PlaceFootprints.action_place_footprints 507:'5'
12-08 15:29:36 com_github_MitjaNemec_PlaceFootprints.action_place_footprints 553:Preparing config for reference linear
12-08 15:29:36 com_github_MitjaNemec_PlaceFootprints.action_place_footprints 573:Saving config file
12-08 15:29:36 com_github_MitjaNemec_PlaceFootprints.action_place_footprints 575:Saved the config file
12-08 15:29:36 com_github_MitjaNemec_PlaceFootprints.action_place_footprints 929:Footprints to place:
['F1', 'F2', 'F3', 'F4', 'F5', 'F6', 'F7', 'F8', 'F9', 'F10', 'F11', 'F12', 'F13', 'F14']
12-08 15:29:36 com_github_MitjaNemec_PlaceFootprints.place_footprints 396:Starting placing with linear layout
12-08 15:29:36 com_github_MitjaNemec_PlaceFootprints.action_place_footprints 970:Placing complete
